This is pdfTeX, Version 3.14159265-2.6-1.40.16 (MiKTeX 2.9 64-bit) (preloaded format=pdflatex 2016.1.12)  27 JUL 2016 18:38
entering extended mode
**./thesis.tex
(thesis.tex
LaTeX2e <2015/10/01> patch level 2
Babel <3.9m> and hyphenation patterns for 69 languages loaded.
("C:\Program Files\MiKTeX 2.9\tex\latex\base\book.cls"
Document Class: book 2014/09/29 v1.4h Standard LaTeX document class
("C:\Program Files\MiKTeX 2.9\tex\latex\base\bk12.clo"
File: bk12.clo 2014/09/29 v1.4h Standard LaTeX file (size option)
)
\c@part=\count79
\c@chapter=\count80
\c@section=\count81
\c@subsection=\count82
\c@subsubsection=\count83
\c@paragraph=\count84
\c@subparagraph=\count85
\c@figure=\count86
\c@table=\count87
\abovecaptionskip=\skip41
\belowcaptionskip=\skip42
\bibindent=\dimen102
) (preamble.tex
("C:\Program Files\MiKTeX 2.9\tex\latex\amscls\amsthm.sty"
Package: amsthm 2015/03/04 v2.20.2
\thm@style=\toks14
\thm@bodyfont=\toks15
\thm@headfont=\toks16
\thm@notefont=\toks17
\thm@headpunct=\toks18
\thm@preskip=\skip43
\thm@postskip=\skip44
\thm@headsep=\skip45
\dth@everypar=\toks19
) ("C:\Program Files\MiKTeX 2.9\tex\latex\tools\xspace.sty"
Package: xspace 2014/10/28 v1.13 Space after command names (DPC,MH)
)
("C:\Program Files\MiKTeX 2.9\tex\latex\float\float.sty"
Package: float 2001/11/08 v1.3d Float enhancements (AL)
\c@float@type=\count88
\float@exts=\toks20
\float@box=\box26
\@float@everytoks=\toks21
\@floatcapt=\box27
) ("C:\Program Files\MiKTeX 2.9\tex\latex\base\ifthen.sty"
Package: ifthen 2014/09/29 v1.1c Standard LaTeX ifthen package (DPC)
)
("C:\Program Files\MiKTeX 2.9\tex\latex\amsmath\amsbsy.sty"
Package: amsbsy 1999/11/29 v1.2d
 ("C:\Program Files\MiKTeX 2.9\tex\latex\amsmath\amsgen.sty"
File: amsgen.sty 1999/11/30 v2.0
\@emptytoks=\toks22
\ex@=\dimen103
)
\pmbraise@=\dimen104
) ("C:\Program Files\MiKTeX 2.9\tex\latex\amsfonts\amssymb.sty"
Package: amssymb 2013/01/14 v3.01 AMS font symbols

("C:\Program Files\MiKTeX 2.9\tex\latex\amsfonts\amsfonts.sty"
Package: amsfonts 2013/01/14 v3.01 Basic AMSFonts support
\symAMSa=\mathgroup4
\symAMSb=\mathgroup5
LaTeX Font Info:    Overwriting math alphabet `\mathfrak' in version `bold'
(Font)                  U/euf/m/n --> U/euf/b/n on input line 106.
))
("C:\Program Files\MiKTeX 2.9\tex\latex\preprint\balance.sty"
Package: balance 1999/02/23 4.3 (PWD)
\oldvsize=\dimen105
)
("C:\Program Files\MiKTeX 2.9\tex\latex\booktabs\booktabs.sty"
Package: booktabs 2005/04/14 v1.61803 publication quality tables
\heavyrulewidth=\dimen106
\lightrulewidth=\dimen107
\cmidrulewidth=\dimen108
\belowrulesep=\dimen109
\belowbottomsep=\dimen110
\aboverulesep=\dimen111
\abovetopsep=\dimen112
\cmidrulesep=\dimen113
\cmidrulekern=\dimen114
\defaultaddspace=\dimen115
\@cmidla=\count89
\@cmidlb=\count90
\@aboverulesep=\dimen116
\@belowrulesep=\dimen117
\@thisruleclass=\count91
\@lastruleclass=\count92
\@thisrulewidth=\dimen118
)
("C:\Program Files\MiKTeX 2.9\tex\latex\graphics\graphicx.sty"
Package: graphicx 2014/10/28 v1.0g Enhanced LaTeX Graphics (DPC,SPQR)

("C:\Program Files\MiKTeX 2.9\tex\latex\graphics\keyval.sty"
Package: keyval 2014/10/28 v1.15 key=value parser (DPC)
\KV@toks@=\toks23
)
("C:\Program Files\MiKTeX 2.9\tex\latex\graphics\graphics.sty"
Package: graphics 2014/10/28 v1.0p Standard LaTeX Graphics (DPC,SPQR)
 ("C:\Program Files\MiKTeX 2.9\tex\latex\graphics\trig.sty"
Package: trig 1999/03/16 v1.09 sin cos tan (DPC)
) ("C:\Program Files\MiKTeX 2.9\tex\latex\00miktex\graphics.cfg"
File: graphics.cfg 2007/01/18 v1.5 graphics configuration of teTeX/TeXLive
)
Package graphics Info: Driver file: pdftex.def on input line 94.

("C:\Program Files\MiKTeX 2.9\tex\latex\pdftex-def\pdftex.def"
File: pdftex.def 2011/05/27 v0.06d Graphics/color for pdfTeX

("C:\Program Files\MiKTeX 2.9\tex\generic\oberdiek\infwarerr.sty"
Package: infwarerr 2010/04/08 v1.3 Providing info/warning/error messages (HO)
)
("C:\Program Files\MiKTeX 2.9\tex\generic\oberdiek\ltxcmds.sty"
Package: ltxcmds 2011/11/09 v1.22 LaTeX kernel commands for general use (HO)
)
\Gread@gobject=\count93
))
\Gin@req@height=\dimen119
\Gin@req@width=\dimen120
)
("C:\Program Files\MiKTeX 2.9\tex\latex\rotating\rotating.sty"
Package: rotating 2009/03/28 v2.16a rotated objects in LaTeX
\c@r@tfl@t=\count94
\rotFPtop=\skip46
\rotFPbot=\skip47
\rot@float@box=\box28
\rot@mess@toks=\toks24
)
("C:\Program Files\MiKTeX 2.9\tex\latex\multirow\multirow.sty"
\bigstrutjot=\dimen121
)
("C:\Program Files\MiKTeX 2.9\tex\latex\needspace\needspace.sty"
Package: needspace 2010/09/12 v1.3d reserve vertical space
)
("C:\Program Files\MiKTeX 2.9\tex\latex\microtype\microtype.sty"
Package: microtype 2013/05/23 v2.5a Micro-typographical refinements (RS)
\MT@toks=\toks25
\MT@count=\count95
LaTeX Info: Redefining \textls on input line 766.
\MT@outer@kern=\dimen122
LaTeX Info: Redefining \textmicrotypecontext on input line 1285.
\MT@listname@count=\count96

("C:\Program Files\MiKTeX 2.9\tex\latex\microtype\microtype-pdftex.def"
File: microtype-pdftex.def 2013/05/23 v2.5a Definitions specific to pdftex (RS)
LaTeX Info: Redefining \lsstyle on input line 915.
LaTeX Info: Redefining \lslig on input line 915.
\MT@outer@space=\skip48
)
Package microtype Info: Loading configuration file microtype.cfg.

("C:\Program Files\MiKTeX 2.9\tex\latex\microtype\microtype.cfg"
File: microtype.cfg 2013/05/23 v2.5a microtype main configuration file (RS)
))
("C:\Program Files\MiKTeX 2.9\tex\latex\bold-extra\bold-extra.sty"
Package: bold-extra 2001/11/13 v0.1 Use fonts from cm/mf-extra/bold
)
("C:\Program Files\MiKTeX 2.9\tex\latex\geometry\geometry.sty"
Package: geometry 2010/09/12 v5.6 Page Geometry

("C:\Program Files\MiKTeX 2.9\tex\generic\oberdiek\ifpdf.sty"
Package: ifpdf 2011/01/30 v2.3 Provides the ifpdf switch (HO)
Package ifpdf Info: pdfTeX in PDF mode is detected.
)
("C:\Program Files\MiKTeX 2.9\tex\generic\oberdiek\ifvtex.sty"
Package: ifvtex 2010/03/01 v1.5 Detect VTeX and its facilities (HO)
Package ifvtex Info: VTeX not detected.
)
("C:\Program Files\MiKTeX 2.9\tex\generic\ifxetex\ifxetex.sty"
Package: ifxetex 2010/09/12 v0.6 Provides ifxetex conditional
)
\Gm@cnth=\count97
\Gm@cntv=\count98
\c@Gm@tempcnt=\count99
\Gm@bindingoffset=\dimen123
\Gm@wd@mp=\dimen124
\Gm@odd@mp=\dimen125
\Gm@even@mp=\dimen126
\Gm@layoutwidth=\dimen127
\Gm@layoutheight=\dimen128
\Gm@layouthoffset=\dimen129
\Gm@layoutvoffset=\dimen130
\Gm@dimlist=\toks26

("C:\Program Files\MiKTeX 2.9\tex\latex\geometry\geometry.cfg"))
("C:\Program Files\MiKTeX 2.9\tex\latex\tools\varioref.sty"
Package: varioref 2015/09/22 v1.5b package for extended references (FMi)
\c@vrcnt=\count100
) ("C:\Program Files\MiKTeX 2.9\tex\latex\xcolor\xcolor.sty"
Package: xcolor 2007/01/21 v2.11 LaTeX color extensions (UK)

("C:\Program Files\MiKTeX 2.9\tex\latex\00miktex\color.cfg"
File: color.cfg 2007/01/18 v1.5 color configuration of teTeX/TeXLive
)
Package xcolor Info: Driver file: pdftex.def on input line 225.
Package xcolor Info: Model `cmy' substituted by `cmy0' on input line 1337.
Package xcolor Info: Model `hsb' substituted by `rgb' on input line 1341.
Package xcolor Info: Model `RGB' extended on input line 1353.
Package xcolor Info: Model `HTML' substituted by `rgb' on input line 1355.
Package xcolor Info: Model `Hsb' substituted by `hsb' on input line 1356.
Package xcolor Info: Model `tHsb' substituted by `hsb' on input line 1357.
Package xcolor Info: Model `HSB' substituted by `hsb' on input line 1358.
Package xcolor Info: Model `Gray' substituted by `gray' on input line 1359.
Package xcolor Info: Model `wave' substituted by `hsb' on input line 1360.
) ("C:\Program Files\MiKTeX 2.9\tex\latex\base\textcomp.sty"
Package: textcomp 2005/09/27 v1.99g Standard LaTeX package
Package textcomp Info: Sub-encoding information:
(textcomp)               5 = only ISO-Adobe without \textcurrency
(textcomp)               4 = 5 + \texteuro
(textcomp)               3 = 4 + \textohm
(textcomp)               2 = 3 + \textestimated + \textcurrency
(textcomp)               1 = TS1 - \textcircled - \t
(textcomp)               0 = TS1 (full)
(textcomp)             Font families with sub-encoding setting implement
(textcomp)             only a restricted character set as indicated.
(textcomp)             Family '?' is the default used for unknown fonts.
(textcomp)             See the documentation for details.
Package textcomp Info: Setting ? sub-encoding to TS1/1 on input line 79.
("C:\Program Files\MiKTeX 2.9\tex\latex\base\ts1enc.def"
File: ts1enc.def 2001/06/05 v3.0e (jk/car/fm) Standard LaTeX file
)
LaTeX Info: Redefining \oldstylenums on input line 334.
Package textcomp Info: Setting cmr sub-encoding to TS1/0 on input line 349.
Package textcomp Info: Setting cmss sub-encoding to TS1/0 on input line 350.
Package textcomp Info: Setting cmtt sub-encoding to TS1/0 on input line 351.
Package textcomp Info: Setting cmvtt sub-encoding to TS1/0 on input line 352.
Package textcomp Info: Setting cmbr sub-encoding to TS1/0 on input line 353.
Package textcomp Info: Setting cmtl sub-encoding to TS1/0 on input line 354.
Package textcomp Info: Setting ccr sub-encoding to TS1/0 on input line 355.
Package textcomp Info: Setting ptm sub-encoding to TS1/4 on input line 356.
Package textcomp Info: Setting pcr sub-encoding to TS1/4 on input line 357.
Package textcomp Info: Setting phv sub-encoding to TS1/4 on input line 358.
Package textcomp Info: Setting ppl sub-encoding to TS1/3 on input line 359.
Package textcomp Info: Setting pag sub-encoding to TS1/4 on input line 360.
Package textcomp Info: Setting pbk sub-encoding to TS1/4 on input line 361.
Package textcomp Info: Setting pnc sub-encoding to TS1/4 on input line 362.
Package textcomp Info: Setting pzc sub-encoding to TS1/4 on input line 363.
Package textcomp Info: Setting bch sub-encoding to TS1/4 on input line 364.
Package textcomp Info: Setting put sub-encoding to TS1/5 on input line 365.
Package textcomp Info: Setting uag sub-encoding to TS1/5 on input line 366.
Package textcomp Info: Setting ugq sub-encoding to TS1/5 on input line 367.
Package textcomp Info: Setting ul8 sub-encoding to TS1/4 on input line 368.
Package textcomp Info: Setting ul9 sub-encoding to TS1/4 on input line 369.
Package textcomp Info: Setting augie sub-encoding to TS1/5 on input line 370.
Package textcomp Info: Setting dayrom sub-encoding to TS1/3 on input line 371.
Package textcomp Info: Setting dayroms sub-encoding to TS1/3 on input line 372.
Package textcomp Info: Setting pxr sub-encoding to TS1/0 on input line 373.
Package textcomp Info: Setting pxss sub-encoding to TS1/0 on input line 374.
Package textcomp Info: Setting pxtt sub-encoding to TS1/0 on input line 375.
Package textcomp Info: Setting txr sub-encoding to TS1/0 on input line 376.
Package textcomp Info: Setting txss sub-encoding to TS1/0 on input line 377.
Package textcomp Info: Setting txtt sub-encoding to TS1/0 on input line 378.
Package textcomp Info: Setting lmr sub-encoding to TS1/0 on input line 379.
Package textcomp Info: Setting lmdh sub-encoding to TS1/0 on input line 380.
Package textcomp Info: Setting lmss sub-encoding to TS1/0 on input line 381.
Package textcomp Info: Setting lmssq sub-encoding to TS1/0 on input line 382.
Package textcomp Info: Setting lmvtt sub-encoding to TS1/0 on input line 383.
Package textcomp Info: Setting lmtt sub-encoding to TS1/0 on input line 384.
Package textcomp Info: Setting qhv sub-encoding to TS1/0 on input line 385.
Package textcomp Info: Setting qag sub-encoding to TS1/0 on input line 386.
Package textcomp Info: Setting qbk sub-encoding to TS1/0 on input line 387.
Package textcomp Info: Setting qcr sub-encoding to TS1/0 on input line 388.
Package textcomp Info: Setting qcs sub-encoding to TS1/0 on input line 389.
Package textcomp Info: Setting qpl sub-encoding to TS1/0 on input line 390.
Package textcomp Info: Setting qtm sub-encoding to TS1/0 on input line 391.
Package textcomp Info: Setting qzc sub-encoding to TS1/0 on input line 392.
Package textcomp Info: Setting qhvc sub-encoding to TS1/0 on input line 393.
Package textcomp Info: Setting futs sub-encoding to TS1/4 on input line 394.
Package textcomp Info: Setting futx sub-encoding to TS1/4 on input line 395.
Package textcomp Info: Setting futj sub-encoding to TS1/4 on input line 396.
Package textcomp Info: Setting hlh sub-encoding to TS1/3 on input line 397.
Package textcomp Info: Setting hls sub-encoding to TS1/3 on input line 398.
Package textcomp Info: Setting hlst sub-encoding to TS1/3 on input line 399.
Package textcomp Info: Setting hlct sub-encoding to TS1/5 on input line 400.
Package textcomp Info: Setting hlx sub-encoding to TS1/5 on input line 401.
Package textcomp Info: Setting hlce sub-encoding to TS1/5 on input line 402.
Package textcomp Info: Setting hlcn sub-encoding to TS1/5 on input line 403.
Package textcomp Info: Setting hlcw sub-encoding to TS1/5 on input line 404.
Package textcomp Info: Setting hlcf sub-encoding to TS1/5 on input line 405.
Package textcomp Info: Setting pplx sub-encoding to TS1/3 on input line 406.
Package textcomp Info: Setting pplj sub-encoding to TS1/3 on input line 407.
Package textcomp Info: Setting ptmx sub-encoding to TS1/4 on input line 408.
Package textcomp Info: Setting ptmj sub-encoding to TS1/4 on input line 409.
) ("C:\Program Files\MiKTeX 2.9\tex\latex\listings\listings.sty"
\lst@mode=\count101
\lst@gtempboxa=\box29
\lst@token=\toks27
\lst@length=\count102
\lst@currlwidth=\dimen131
\lst@column=\count103
\lst@pos=\count104
\lst@lostspace=\dimen132
\lst@width=\dimen133
\lst@newlines=\count105
\lst@lineno=\count106
\lst@maxwidth=\dimen134
 ("C:\Program Files\MiKTeX 2.9\tex\latex\listings\lstmisc.sty"
File: lstmisc.sty 2015/06/04 1.6 (Carsten Heinz)
\c@lstnumber=\count107
\lst@skipnumbers=\count108
\lst@framebox=\box30
)
("C:\Program Files\MiKTeX 2.9\tex\latex\listings\listings.cfg"
File: listings.cfg 2015/06/04 1.6 listings configuration
))
Package: listings 2015/06/04 1.6 (Carsten Heinz)
 ("C:\Program Files\MiKTeX 2.9\tex\latex\ulem\ulem.sty"
\UL@box=\box31
\UL@hyphenbox=\box32
\UL@skip=\skip49
\UL@hook=\toks28
\UL@height=\dimen135
\UL@pe=\count109
\UL@pixel=\dimen136
\ULC@box=\box33
Package: ulem 2012/05/18
\ULdepth=\dimen137
) ("C:\Program Files\MiKTeX 2.9\tex\latex\ucs\ucs.sty"
Package: ucs 2013/05/11 v2.2 UCS: Unicode input support
 ("C:\Program Files\MiKTeX 2.9\tex\latex\ucs\uni-global.def"
File: uni-global.def 2013/05/13 UCS: Unicode global data
)
\uc@secondtry=\count110
\uc@combtoks=\toks29
\uc@combtoksb=\toks30
\uc@temptokena=\toks31
)
("C:\Program Files\MiKTeX 2.9\tex\latex\psnfss\times.sty"
Package: times 2005/04/12 PSNFSS-v9.2a (SPQR) 
) ("C:\Program Files\MiKTeX 2.9\tex\latex\url\url.sty"
\Urlmuskip=\muskip10
Package: url 2013/09/16  ver 3.4  Verb mode for urls, etc.
)
("C:\Program Files\MiKTeX 2.9\tex\latex\base\alltt.sty"
Package: alltt 1997/06/16 v2.0g defines alltt environment
) ("C:\Program Files\MiKTeX 2.9\tex\latex\amsmath\amsmath.sty"
Package: amsmath 2013/01/14 v2.14 AMS math features
\@mathmargin=\skip50

For additional information on amsmath, use the `?' option.
("C:\Program Files\MiKTeX 2.9\tex\latex\amsmath\amstext.sty"
Package: amstext 2000/06/29 v2.01
) ("C:\Program Files\MiKTeX 2.9\tex\latex\amsmath\amsopn.sty"
Package: amsopn 1999/12/14 v2.01 operator names
)
\inf@bad=\count111
LaTeX Info: Redefining \frac on input line 210.
\uproot@=\count112
\leftroot@=\count113
LaTeX Info: Redefining \overline on input line 306.
\classnum@=\count114
\DOTSCASE@=\count115
LaTeX Info: Redefining \ldots on input line 378.
LaTeX Info: Redefining \dots on input line 381.
LaTeX Info: Redefining \cdots on input line 466.
\Mathstrutbox@=\box34
\strutbox@=\box35
\big@size=\dimen138
LaTeX Font Info:    Redeclaring font encoding OML on input line 566.
LaTeX Font Info:    Redeclaring font encoding OMS on input line 567.
\macc@depth=\count116
\c@MaxMatrixCols=\count117
\dotsspace@=\muskip11
\c@parentequation=\count118
\dspbrk@lvl=\count119
\tag@help=\toks32
\row@=\count120
\column@=\count121
\maxfields@=\count122
\andhelp@=\toks33
\eqnshift@=\dimen139
\alignsep@=\dimen140
\tagshift@=\dimen141
\tagwidth@=\dimen142
\totwidth@=\dimen143
\lineht@=\dimen144
\@envbody=\toks34
\multlinegap=\skip51
\multlinetaggap=\skip52
\mathdisplay@stack=\toks35
LaTeX Info: Redefining \[ on input line 2665.
LaTeX Info: Redefining \] on input line 2666.
) ("C:\Program Files\MiKTeX 2.9\tex\latex\l3packages\xfrac\xfrac.sty"
("C:\Program Files\MiKTeX 2.9\tex\latex\l3kernel\expl3.sty"
Package: expl3 2016/01/03 v6358 L3 programming layer (loader) 

("C:\Program Files\MiKTeX 2.9\tex\latex\l3kernel\expl3-code.tex"
Package: expl3 2016/01/03 v6358 L3 programming layer (code)
L3 Module: l3bootstrap 2016/01/01 v6339 L3 Bootstrap code
L3 Module: l3names 2015/12/21 v6328 L3 Namespace for primitives
L3 Module: l3basics 2015/11/22 v6315 L3 Basic definitions
L3 Module: l3expan 2015/09/10 v5983 L3 Argument expansion
L3 Module: l3tl 2015/09/29 v6121 L3 Token lists
L3 Module: l3str 2016/01/03 v6357 L3 Strings
L3 Module: l3seq 2015/08/05 v5777 L3 Sequences and stacks
L3 Module: l3int 2015/09/25 v6089 L3 Integers
\c_max_int=\count123
\l_tmpa_int=\count124
\l_tmpb_int=\count125
\g_tmpa_int=\count126
\g_tmpb_int=\count127
L3 Module: l3quark 2015/08/17 v5855 L3 Quarks
L3 Module: l3prg 2015/11/01 v6216 L3 Control structures
\g__prg_map_int=\count128
L3 Module: l3clist 2015/09/02 v5901 L3 Comma separated lists
L3 Module: l3token 2015/11/11 v6249 L3 Experimental token manipulation
L3 Module: l3prop 2015/08/05 v5777 L3 Property lists
L3 Module: l3msg 2015/09/28 v6113 L3 Messages
L3 Module: l3file 2015/12/03 v6317 L3 File and I/O operations
\l_iow_line_count_int=\count129
\l__iow_target_count_int=\count130
\l__iow_current_line_int=\count131
\l__iow_current_word_int=\count132
\l__iow_current_indentation_int=\count133
L3 Module: l3skip 2015/09/25 v6089 L3 Dimensions and skips
\c_zero_dim=\dimen145
\c_max_dim=\dimen146
\l_tmpa_dim=\dimen147
\l_tmpb_dim=\dimen148
\g_tmpa_dim=\dimen149
\g_tmpb_dim=\dimen150
\c_zero_skip=\skip53
\c_max_skip=\skip54
\l_tmpa_skip=\skip55
\l_tmpb_skip=\skip56
\g_tmpa_skip=\skip57
\g_tmpb_skip=\skip58
\c_zero_muskip=\muskip12
\c_max_muskip=\muskip13
\l_tmpa_muskip=\muskip14
\l_tmpb_muskip=\muskip15
\g_tmpa_muskip=\muskip16
\g_tmpb_muskip=\muskip17
L3 Module: l3keys 2015/11/17 v6284 L3 Key-value interfaces
\g__keyval_level_int=\count134
\l_keys_choice_int=\count135
L3 Module: l3fp 2015/08/25 v5890 L3 Floating points
\c__fp_leading_shift_int=\count136
\c__fp_middle_shift_int=\count137
\c__fp_trailing_shift_int=\count138
\c__fp_big_leading_shift_int=\count139
\c__fp_big_middle_shift_int=\count140
\c__fp_big_trailing_shift_int=\count141
\c__fp_Bigg_leading_shift_int=\count142
\c__fp_Bigg_middle_shift_int=\count143
\c__fp_Bigg_trailing_shift_int=\count144
L3 Module: l3box 2015/08/09 v5822 L3 Experimental boxes
\c_empty_box=\box36
\l_tmpa_box=\box37
\l_tmpb_box=\box38
\g_tmpa_box=\box39
\g_tmpb_box=\box40
L3 Module: l3coffins 2015/08/06 v5789 L3 Coffin code layer
\l__coffin_internal_box=\box41
\l__coffin_internal_dim=\dimen151
\l__coffin_offset_x_dim=\dimen152
\l__coffin_offset_y_dim=\dimen153
\l__coffin_x_dim=\dimen154
\l__coffin_y_dim=\dimen155
\l__coffin_x_prime_dim=\dimen156
\l__coffin_y_prime_dim=\dimen157
\c_empty_coffin=\box42
\l__coffin_aligned_coffin=\box43
\l__coffin_aligned_internal_coffin=\box44
\l_tmpa_coffin=\box45
\l_tmpb_coffin=\box46
\l__coffin_display_coffin=\box47
\l__coffin_display_coord_coffin=\box48
\l__coffin_display_pole_coffin=\box49
\l__coffin_display_offset_dim=\dimen158
\l__coffin_display_x_dim=\dimen159
\l__coffin_display_y_dim=\dimen160
L3 Module: l3color 2014/08/23 v5354 L3 Experimental color support
L3 Module: l3candidates 2015/12/20 v6325 L3 Experimental additions to l3kernel
\l__box_top_dim=\dimen161
\l__box_bottom_dim=\dimen162
\l__box_left_dim=\dimen163
\l__box_right_dim=\dimen164
\l__box_top_new_dim=\dimen165
\l__box_bottom_new_dim=\dimen166
\l__box_left_new_dim=\dimen167
\l__box_right_new_dim=\dimen168
\l__box_internal_box=\box50
\l__coffin_bounding_shift_dim=\dimen169
\l__coffin_left_corner_dim=\dimen170
\l__coffin_right_corner_dim=\dimen171
\l__coffin_bottom_corner_dim=\dimen172
\l__coffin_top_corner_dim=\dimen173
\l__coffin_scaled_total_height_dim=\dimen174
\l__coffin_scaled_width_dim=\dimen175
L3 Module: l3sys 2015/09/25 v6087 L3 Experimental system/runtime functions
L3 Module: l3luatex 2015/11/11 v6250 L3 Experimental LuaTeX-specific functions
)
("C:\Program Files\MiKTeX 2.9\tex\latex\l3kernel\l3pdfmode.def"
File: l3pdfmode.def 2015/11/11 v6250 L3 Experimental driver: PDF mode
\l__driver_color_stack_int=\count145
))
("C:\Program Files\MiKTeX 2.9\tex\latex\l3packages\l3keys2e\l3keys2e.sty"
Package: l3keys2e 2015/12/20 v6326 LaTeX2e option processing using LaTeX3 keys
)
("C:\Program Files\MiKTeX 2.9\tex\latex\l3packages\xparse\xparse.sty"
Package: xparse 2015/12/20 v6326 L3 Experimental document command parser
\l__xparse_current_arg_int=\count146
\l__xparse_m_args_int=\count147
\l__xparse_mandatory_args_int=\count148
\l__xparse_processor_int=\count149
\l__xparse_v_nesting_int=\count150
)
("C:\Program Files\MiKTeX 2.9\tex\latex\l3packages\xtemplate\xtemplate.sty"
Package: xtemplate 2015/12/20 v6326 L3 Experimental prototype document functions
\l__xtemplate_tmp_dim=\dimen176
\l__xtemplate_tmp_int=\count151
\l__xtemplate_tmp_muskip=\muskip18
\l__xtemplate_tmp_skip=\skip59
)
Package: xfrac 2015/12/20 v6326 L3 Experimental split-level fractions
\l__xfrac_slash_box=\box51
\l__xfrac_tmp_box=\box52
\l__xfrac_denominator_bot_sep_dim=\dimen177
\l__xfrac_numerator_bot_sep_dim=\dimen178
\l__xfrac_numerator_top_sep_dim=\dimen179
\l__xfrac_slash_left_sep_dim=\dimen180
\l__xfrac_slash_right_sep_dim=\dimen181
\l__xfrac_slash_left_muskip=\muskip19
\l__xfrac_slash_right_muskip=\muskip20
.................................................
. xtemplate info: "declare-object-type"
. 
. Declaring object type 'xfrac' taking 3 argument(s) on line 111.
.................................................
.................................................
. LaTeX info: "xparse/define-command"
. 
. Defining command \sfrac with sig. 'omom' on line 451.
.................................................
)
("C:\Program Files\MiKTeX 2.9\tex\latex\subfigure\subfigure.sty"
Package: subfigure 2002/07/30 v2.1.4 subfigure package
\subfigtopskip=\skip60
\subfigcapskip=\skip61
\subfigcaptopadj=\dimen182
\subfigbottomskip=\skip62
\subfigcapmargin=\dimen183
\subfiglabelskip=\skip63
\c@subfigure=\count152
\c@lofdepth=\count153
\c@subtable=\count154
\c@lotdepth=\count155

****************************************
* Local config file subfigure.cfg used *
****************************************
("C:\Program Files\MiKTeX 2.9\tex\latex\subfigure\subfigure.cfg")
\subfig@top=\skip64
\subfig@bottom=\skip65
)
("C:\Program Files\MiKTeX 2.9\tex\latex\appendix\appendix.sty"
Package: appendix 2009/09/02 v1.2b extra appendix facilities
\c@@pps=\count156
\c@@ppsavesec=\count157
\c@@ppsaveapp=\count158
)
("C:\Program Files\MiKTeX 2.9\tex\latex\stmaryrd\stmaryrd.sty"
Package: stmaryrd 1994/03/03 St Mary's Road symbol package
\symstmry=\mathgroup6
LaTeX Font Info:    Overwriting symbol font `stmry' in version `bold'
(Font)                  U/stmry/m/n --> U/stmry/b/n on input line 89.
)
("C:\Program Files\MiKTeX 2.9\tex\latex\quotchap\quotchap.sty"
Package: quotchap 2012/10/20 v1.1 Decorative Chapter Headings with Quotes
\@quotebox=\box53
)
("C:\Program Files\MiKTeX 2.9\tex\latex\setspace\setspace.sty"
Package: setspace 2011/12/19 v6.7a set line spacing
) ("C:\Program Files\MiKTeX 2.9\tex\latex\natbib\natbib.sty"
Package: natbib 2010/09/13 8.31b (PWD, AO)
\bibhang=\skip66
\bibsep=\skip67
LaTeX Info: Redefining \cite on input line 694.
\c@NAT@ctr=\count159
) ("C:\Program Files\MiKTeX 2.9\tex\latex\mdwtools\mdwlist.sty"
Package: mdwlist 1996/05/02 1.1 Various list-related things
)
("C:\Program Files\MiKTeX 2.9\tex\latex\changepage\chngpage.sty"
Package: chngpage 2009/10/20 v1.2b change page layout
\c@cp@cnt=\count160
\c@cp@tempcnt=\count161
)
("C:\Program Files\MiKTeX 2.9\tex\latex\tools\indentfirst.sty"
Package: indentfirst 1995/11/23 v1.03 Indent first paragraph (DPC)
)
("C:\Program Files\MiKTeX 2.9\tex\latex\ltxmisc\parskip.sty"
Package: parskip 2001/04/09 non-zero parskip adjustments
)
("C:\Program Files\MiKTeX 2.9\tex\latex\footmisc\footmisc.sty"
Package: footmisc 2011/06/06 v5.5b a miscellany of footnote facilities
\FN@temptoken=\toks36
\footnotemargin=\dimen184
\c@pp@next@reset=\count162
Package footmisc Info: Declaring symbol style bringhurst on input line 855.
Package footmisc Info: Declaring symbol style chicago on input line 863.
Package footmisc Info: Declaring symbol style wiley on input line 872.
Package footmisc Info: Declaring symbol style lamport-robust on input line 883.
Package footmisc Info: Declaring symbol style lamport* on input line 903.
Package footmisc Info: Declaring symbol style lamport*-robust on input line 924.
) ("C:\Program Files\MiKTeX 2.9\tex\latex\base\fontenc.sty"
Package: fontenc 2005/09/27 v1.99g Standard LaTeX package
 ("C:\Program Files\MiKTeX 2.9\tex\latex\base\t1enc.def"
File: t1enc.def 2005/09/27 v1.99g Standard LaTeX file
LaTeX Font Info:    Redeclaring font encoding T1 on input line 48.
)) ("C:\Program Files\MiKTeX 2.9\tex\latex\caption\caption.sty"
Package: caption 2015/09/17 v3.3-111 Customizing captions (AR)
("C:\Program Files\MiKTeX 2.9\tex\latex\caption\caption3.sty"
Package: caption3 2015/09/20 v1.7-115 caption3 kernel (AR)
Package caption3 Info: TeX engine: e-TeX on input line 57.
\captionmargin=\dimen185
\captionmargin@=\dimen186
\captionwidth=\dimen187
\caption@tempdima=\dimen188
\caption@indent=\dimen189
\caption@parindent=\dimen190
\caption@hangindent=\dimen191
)
\c@ContinuedFloat=\count163
Package caption Info: float package is loaded.
Package caption Info: listings package is loaded.
Package caption Info: rotating package is loaded.
Package caption Info: subfigure package is loaded.
)
("C:\Program Files\MiKTeX 2.9\tex\latex\siunitx\siunitx.sty"
Package: siunitx 2016/01/05 v2.6o A comprehensive (SI) units package
 ("C:\Program Files\MiKTeX 2.9\tex\latex\tools\array.sty"
Package: array 2014/10/28 v2.4c Tabular extension package (FMi)
\col@sep=\dimen192
\extrarowheight=\dimen193
\NC@list=\toks37
\extratabsurround=\skip68
\backup@length=\skip69
)
\l__siunitx_tmp_box=\box54
\l__siunitx_tmp_dim=\dimen194
\l__siunitx_tmp_int=\count164
\l__siunitx_number_mantissa_length_int=\count165
\l__siunitx_number_uncert_length_int=\count166
\l__siunitx_round_int=\count167
\l__siunitx_process_decimal_int=\count168
\l__siunitx_process_uncertainty_int=\count169
\l__siunitx_process_fixed_int=\count170
\l__siunitx_process_integer_min_int=\count171
\l__siunitx_process_precision_int=\count172
\l__siunitx_group_min_int=\count173
\l__siunitx_angle_marker_box=\box55
\l__siunitx_angle_unit_box=\box56
\l__siunitx_angle_marker_dim=\dimen195
\l__siunitx_angle_unit_dim=\dimen196
\l__siunitx_unit_int=\count174
\l__siunitx_unit_denominator_int=\count175
\l__siunitx_unit_numerator_int=\count176
\l__siunitx_unit_prefix_int=\count177
\l__siunitx_unit_prefix_base_int=\count178
\l__siunitx_unit_prefix_gram_int=\count179
\l__siunitx_number_product_int=\count180
\c__siunitx_one_fill_skip=\skip70
\l__siunitx_table_unit_align_skip=\skip71
\l__siunitx_table_exponent_dim=\dimen197
\l__siunitx_table_integer_dim=\dimen198
\l__siunitx_table_mantissa_dim=\dimen199
\l__siunitx_table_marker_dim=\dimen256
\l__siunitx_table_result_dim=\dimen257
\l__siunitx_table_uncert_dim=\dimen258
\l__siunitx_table_fill_pre_dim=\dimen259
\l__siunitx_table_fill_post_dim=\dimen260
\l__siunitx_table_fill_mid_dim=\dimen261
\l__siunitx_table_pre_box=\box57
\l__siunitx_table_post_box=\box58
\l__siunitx_table_mantissa_box=\box59
\l__siunitx_table_result_box=\box60
\l__siunitx_table_number_align_skip=\skip72
\l__siunitx_table_text_align_skip=\skip73
.................................................
. LaTeX info: "xparse/define-command"
. 
. Defining command \DeclareBinaryPrefix with sig. 'mmm' on line 7213.
.................................................
.................................................
. LaTeX info: "xparse/define-command"
. 
. Defining command \DeclareSIPostPower with sig. 'mm' on line 7216.
.................................................
.................................................
. LaTeX info: "xparse/define-command"
. 
. Defining command \DeclareSIPrefix with sig. 'mmm' on line 7219.
.................................................
.................................................
. LaTeX info: "xparse/define-command"
. 
. Defining command \DeclareSIPrePower with sig. 'mm' on line 7222.
.................................................
.................................................
. LaTeX info: "xparse/define-command"
. 
. Defining command \DeclareSIQualifier with sig. 'mm' on line 7225.
.................................................
.................................................
. LaTeX info: "xparse/define-command"
. 
. Defining command \DeclareSIUnit with sig. 'O{}mm' on line 7228.
.................................................
.................................................
. LaTeX info: "xparse/define-command"
. 
. Defining command \DeclareSIUnitWithOptions with sig. 'mmm' on line 7231.
.................................................
.................................................
. LaTeX info: "xparse/define-command"
. 
. Defining command \ang with sig. 'o>{\SplitArgument {2}{;}}m' on line 7246.
.................................................
.................................................
. LaTeX info: "xparse/define-command"
. 
. Defining command \num with sig. 'om' on line 7254.
.................................................
.................................................
. LaTeX info: "xparse/define-command"
. 
. Defining command \numlist with sig. 'o>{\SplitList {;}}m' on line 7262.
.................................................
.................................................
. LaTeX info: "xparse/define-command"
. 
. Defining command \numrange with sig. 'omm' on line 7270.
.................................................
.................................................
. LaTeX info: "xparse/define-command"
. 
. Defining command \SIlist with sig. 'o>{\SplitList {;}}mm' on line 7281.
.................................................
.................................................
. LaTeX info: "xparse/define-command"
. 
. Defining command \SIrange with sig. 'ommm' on line 7292.
.................................................
.................................................
. LaTeX info: "xparse/define-command"
. 
. Defining command \SI with sig. 'omom' on line 7303.
.................................................
.................................................
. LaTeX info: "xparse/define-command"
. 
. Defining command \sisetup with sig. 'm' on line 7306.
.................................................
.................................................
. LaTeX info: "xparse/define-command"
. 
. Defining command \tablenum with sig. 'om' on line 7318.
.................................................
.................................................
. LaTeX info: "xparse/define-command"
. 
. Defining command \si with sig. 'om' on line 7329.
.................................................
.................................................
. LaTeX info: "xparse/define-command"
. 
. Defining command \__siunitx_bookmark_num:w with sig. 'om' on line 7376.
.................................................
.................................................
. LaTeX info: "xparse/define-command"
. 
. Defining command \__siunitx_bookmark_numrange:w with sig. 'omm' on line
. 7378.
.................................................
.................................................
. LaTeX info: "xparse/define-command"
. 
. Defining command \__siunitx_bookmark_SI:w with sig. 'omom' on line 7380.
.................................................
.................................................
. LaTeX info: "xparse/define-command"
. 
. Defining command \__siunitx_bookmark_SIlist:w with sig. 'omm' on line 7382.
.................................................
.................................................
. LaTeX info: "xparse/define-command"
. 
. Defining command \__siunitx_bookmark_SIrange:w with sig. 'ommm' on line
. 7384.
.................................................
.................................................
. LaTeX info: "xparse/define-command"
. 
. Defining command \__siunitx_bookmark_si:w with sig. 'om' on line 7385.
.................................................
\g__file_internal_ior=\read1

("C:\Program Files\MiKTeX 2.9\tex\latex\beamer\base\translator\translator.sty"
Package: translator 2010/06/12 ver 1.10

("C:\Program Files\MiKTeX 2.9\tex\latex\beamer\base\translator\translator-language-mappings.tex")))
\c@qcounter=\count181

("C:\Program Files\MiKTeX 2.9\tex\latex\hyperref\hyperref.sty"
Package: hyperref 2012/11/06 v6.83m Hypertext links for LaTeX

("C:\Program Files\MiKTeX 2.9\tex\generic\oberdiek\hobsub-hyperref.sty"
Package: hobsub-hyperref 2012/04/25 v1.12 Bundle oberdiek, subset hyperref (HO)

("C:\Program Files\MiKTeX 2.9\tex\generic\oberdiek\hobsub-generic.sty"
Package: hobsub-generic 2012/04/25 v1.12 Bundle oberdiek, subset generic (HO)
Package: hobsub 2012/04/25 v1.12 Construct package bundles (HO)
Package hobsub Info: Skipping package `infwarerr' (already loaded).
Package hobsub Info: Skipping package `ltxcmds' (already loaded).
Package: ifluatex 2010/03/01 v1.3 Provides the ifluatex switch (HO)
Package ifluatex Info: LuaTeX not detected.
Package hobsub Info: Skipping package `ifvtex' (already loaded).
Package: intcalc 2007/09/27 v1.1 Expandable calculations with integers (HO)
Package hobsub Info: Skipping package `ifpdf' (already loaded).
Package: etexcmds 2011/02/16 v1.5 Avoid name clashes with e-TeX commands (HO)
Package etexcmds Info: Could not find \expanded.
(etexcmds)             That can mean that you are not using pdfTeX 1.50 or
(etexcmds)             that some package has redefined \expanded.
(etexcmds)             In the latter case, load this package earlier.
Package: kvsetkeys 2012/04/25 v1.16 Key value parser (HO)
Package: kvdefinekeys 2011/04/07 v1.3 Define keys (HO)
Package: pdftexcmds 2011/11/29 v0.20 Utility functions of pdfTeX for LuaTeX (HO)
Package pdftexcmds Info: LuaTeX not detected.
Package pdftexcmds Info: \pdf@primitive is available.
Package pdftexcmds Info: \pdf@ifprimitive is available.
Package pdftexcmds Info: \pdfdraftmode found.
Package: pdfescape 2011/11/25 v1.13 Implements pdfTeX's escape features (HO)
Package: bigintcalc 2012/04/08 v1.3 Expandable calculations on big integers (HO)
Package: bitset 2011/01/30 v1.1 Handle bit-vector datatype (HO)
Package: uniquecounter 2011/01/30 v1.2 Provide unlimited unique counter (HO)
)
Package hobsub Info: Skipping package `hobsub' (already loaded).
Package: letltxmacro 2010/09/02 v1.4 Let assignment for LaTeX macros (HO)
Package: hopatch 2011/06/24 v1.1 Wrapper for package hooks (HO)
Package: xcolor-patch 2011/01/30 xcolor patch
Package: atveryend 2011/06/30 v1.8 Hooks at the very end of document (HO)
Package atveryend Info: \enddocument detected (standard20110627).
Package: atbegshi 2011/10/05 v1.16 At begin shipout hook (HO)
Package: refcount 2011/10/16 v3.4 Data extraction from label references (HO)
Package: hycolor 2011/01/30 v1.7 Color options for hyperref/bookmark (HO)
)
("C:\Program Files\MiKTeX 2.9\tex\latex\oberdiek\auxhook.sty"
Package: auxhook 2011/03/04 v1.3 Hooks for auxiliary files (HO)
)
("C:\Program Files\MiKTeX 2.9\tex\latex\oberdiek\kvoptions.sty"
Package: kvoptions 2011/06/30 v3.11 Key value format for package options (HO)
)
\@linkdim=\dimen262
\Hy@linkcounter=\count182
\Hy@pagecounter=\count183

("C:\Program Files\MiKTeX 2.9\tex\latex\hyperref\pd1enc.def"
File: pd1enc.def 2012/11/06 v6.83m Hyperref: PDFDocEncoding definition (HO)
)
\Hy@SavedSpaceFactor=\count184

("C:\Program Files\MiKTeX 2.9\tex\latex\00miktex\hyperref.cfg"
File: hyperref.cfg 2002/06/06 v1.2 hyperref configuration of TeXLive
)
Package hyperref Info: Option `colorlinks' set `true' on input line 4319.
Package hyperref Info: Option `bookmarksnumbered' set `true' on input line 4319.
Package hyperref Info: Option `bookmarks' set `true' on input line 4319.
Package hyperref Info: Option `plainpages' set `false' on input line 4319.
Package hyperref Info: Option `pdfpagelabels' set `true' on input line 4319.
Package hyperref Info: Hyper figures OFF on input line 4443.
Package hyperref Info: Link nesting OFF on input line 4448.
Package hyperref Info: Hyper index ON on input line 4451.
Package hyperref Info: Plain pages OFF on input line 4458.
Package hyperref Info: Backreferencing OFF on input line 4463.
Package hyperref Info: Implicit mode ON; LaTeX internals redefined.
Package hyperref Info: Bookmarks ON on input line 4688.
\c@Hy@tempcnt=\count185
LaTeX Info: Redefining \url on input line 5041.
\XeTeXLinkMargin=\dimen263
\Fld@menulength=\count186
\Field@Width=\dimen264
\Fld@charsize=\dimen265
Package hyperref Info: Hyper figures OFF on input line 6295.
Package hyperref Info: Link nesting OFF on input line 6300.
Package hyperref Info: Hyper index ON on input line 6303.
Package hyperref Info: backreferencing OFF on input line 6310.
Package hyperref Info: Link coloring ON on input line 6313.
Package hyperref Info: Link coloring with OCG OFF on input line 6320.
Package hyperref Info: PDF/A mode OFF on input line 6325.
LaTeX Info: Redefining \ref on input line 6365.
LaTeX Info: Redefining \pageref on input line 6369.
\Hy@abspage=\count187
\c@Item=\count188
\c@Hfootnote=\count189
)

Package hyperref Message: Driver (autodetected): hpdftex.

("C:\Program Files\MiKTeX 2.9\tex\latex\hyperref\hpdftex.def"
File: hpdftex.def 2012/11/06 v6.83m Hyperref driver for pdfTeX
\Fld@listcount=\count190
\c@bookmark@seq@number=\count191

("C:\Program Files\MiKTeX 2.9\tex\latex\oberdiek\rerunfilecheck.sty"
Package: rerunfilecheck 2011/04/15 v1.7 Rerun checks for auxiliary files (HO)
Package uniquecounter Info: New unique counter `rerunfilecheck' on input line 282.
)
\Hy@SectionHShift=\skip74
) (thesis.aux)
\openout1 = `thesis.aux'.

LaTeX Font Info:    Checking defaults for OML/cmm/m/it on input line 237.
LaTeX Font Info:    ... okay on input line 237.
LaTeX Font Info:    Checking defaults for T1/cmr/m/n on input line 237.
LaTeX Font Info:    ... okay on input line 237.
LaTeX Font Info:    Checking defaults for OT1/cmr/m/n on input line 237.
LaTeX Font Info:    ... okay on input line 237.
LaTeX Font Info:    Checking defaults for OMS/cmsy/m/n on input line 237.
LaTeX Font Info:    ... okay on input line 237.
LaTeX Font Info:    Checking defaults for OMX/cmex/m/n on input line 237.
LaTeX Font Info:    ... okay on input line 237.
LaTeX Font Info:    Checking defaults for U/cmr/m/n on input line 237.
LaTeX Font Info:    ... okay on input line 237.
LaTeX Font Info:    Checking defaults for TS1/cmr/m/n on input line 237.
LaTeX Font Info:    Try loading font information for TS1+cmr on input line 237.

("C:\Program Files\MiKTeX 2.9\tex\latex\base\ts1cmr.fd"
File: ts1cmr.fd 2014/09/29 v2.5h Standard LaTeX font definitions
)
LaTeX Font Info:    ... okay on input line 237.
LaTeX Font Info:    Checking defaults for PD1/pdf/m/n on input line 237.
LaTeX Font Info:    ... okay on input line 237.
LaTeX Font Info:    Try loading font information for T1+ptm on input line 237.
 ("C:\Program Files\MiKTeX 2.9\tex\latex\psnfss\t1ptm.fd"
File: t1ptm.fd 2001/06/04 font definitions for T1/ptm.
)
("C:\Program Files\MiKTeX 2.9\tex\context\base\supp-pdf.mkii"
[Loading MPS to PDF converter (version 2006.09.02).]
\scratchcounter=\count192
\scratchdimen=\dimen266
\scratchbox=\box61
\nofMPsegments=\count193
\nofMParguments=\count194
\everyMPshowfont=\toks38
\MPscratchCnt=\count195
\MPscratchDim=\dimen267
\MPnumerator=\count196
\makeMPintoPDFobject=\count197
\everyMPtoPDFconversion=\toks39
)
LaTeX Info: Redefining \microtypecontext on input line 237.
Package microtype Info: Generating PDF output.
Package microtype Info: Character protrusion enabled (level 2).
Package microtype Info: Using default protrusion set `alltext'.
Package microtype Info: Automatic font expansion enabled (level 2),
(microtype)             stretch: 20, shrink: 20, step: 1, non-selected.
Package microtype Info: Using default expansion set `basictext'.
Package microtype Info: No adjustment of tracking.
Package microtype Info: No adjustment of interword spacing.
Package microtype Info: No adjustment of character kerning.
 ("C:\Program Files\MiKTeX 2.9\tex\latex\microtype\mt-ptm.cfg"
File: mt-ptm.cfg 2006/04/20 v1.7 microtype config. file: Times (RS)
)
*geometry* driver: auto-detecting
*geometry* detected driver: pdftex
*geometry* verbose mode - [ preamble ] result:
* driver: pdftex
* paper: a4paper
* layout: <same size as paper>
* layoutoffset:(h,v)=(0.0pt,0.0pt)
* modes: 
* h-part:(L,W,R)=(89.62709pt, 418.25368pt, 89.6271pt)
* v-part:(T,H,B)=(101.40665pt, 591.5302pt, 152.11pt)
* \paperwidth=597.50787pt
* \paperheight=845.04684pt
* \textwidth=418.25368pt
* \textheight=591.5302pt
* \oddsidemargin=17.3571pt
* \evensidemargin=17.3571pt
* \topmargin=-2.73714pt
* \headheight=12.0pt
* \headsep=19.8738pt
* \topskip=12.0pt
* \footskip=30.0pt
* \marginparwidth=38.0pt
* \marginparsep=7.0pt
* \columnsep=10.0pt
* \skip\footins=10.8pt plus 4.0pt minus 2.0pt
* \hoffset=0.0pt
* \voffset=0.0pt
* \mag=1000
* \@twocolumnfalse
* \@twosidefalse
* \@mparswitchfalse
* \@reversemarginfalse
* (1in=72.27pt=25.4mm, 1cm=28.453pt)

\c@lstlisting=\count198
("C:\Program Files\MiKTeX 2.9\tex\latex\ucs\ucsencs.def"
File: ucsencs.def 2011/01/21 Fixes to fontencodings LGR, T3
)
Package caption Info: Begin \AtBeginDocument code.
Package caption Info: hyperref package is loaded.
Package caption Info: End \AtBeginDocument code.

("C:\Program Files\MiKTeX 2.9\tex\latex\beamer\base\translator\dicts\translator-basic-dictionary\translator-basic-dictio
nary-English.dict"
Dictionary: translator-basic-dictionary, Language: English 
) ("C:\Program Files\MiKTeX 2.9\tex\latex\siunitx\siunitx-abbreviations.cfg"
File: siunitx-abbreviations.cfg 2016/01/05 v2.6o siunitx: Abbreviated units
)
\AtBeginShipoutBox=\box62
Package hyperref Info: Link coloring ON on input line 237.

("C:\Program Files\MiKTeX 2.9\tex\latex\hyperref\nameref.sty"
Package: nameref 2012/10/27 v2.43 Cross-referencing by name of section

("C:\Program Files\MiKTeX 2.9\tex\generic\oberdiek\gettitlestring.sty"
Package: gettitlestring 2010/12/03 v1.4 Cleanup title references (HO)
)
\c@section@level=\count199
LaTeX Info: Redefining \Ref on input line 513.
)
LaTeX Info: Redefining \ref on input line 237.
LaTeX Info: Redefining \pageref on input line 237.
LaTeX Info: Redefining \nameref on input line 237.
 (thesis.out) (thesis.out)
\@outlinefile=\write3
\openout3 = `thesis.out'.

LaTeX Info: Redefining \Ref on input line 237.
\c__siunitx_mathsf_int=\count266

("C:\Program Files\MiKTeX 2.9\tex\latex\microtype\mt-cmr.cfg"
File: mt-cmr.cfg 2013/05/19 v2.2 microtype config. file: Computer Modern Roman (RS)
)
LaTeX Font Info:    Try loading font information for U+msa on input line 237.
 ("C:\Program Files\MiKTeX 2.9\tex\latex\amsfonts\umsa.fd"
File: umsa.fd 2013/01/14 v3.01 AMS symbols A
) ("C:\Program Files\MiKTeX 2.9\tex\latex\microtype\mt-msa.cfg"
File: mt-msa.cfg 2006/02/04 v1.1 microtype config. file: AMS symbols (a) (RS)
)
LaTeX Font Info:    Try loading font information for U+msb on input line 237.
 ("C:\Program Files\MiKTeX 2.9\tex\latex\amsfonts\umsb.fd"
File: umsb.fd 2013/01/14 v3.01 AMS symbols B
) ("C:\Program Files\MiKTeX 2.9\tex\latex\microtype\mt-msb.cfg"
File: mt-msb.cfg 2005/06/01 v1.0 microtype config. file: AMS symbols (b) (RS)
)
LaTeX Font Info:    Try loading font information for U+stmry on input line 237.

("C:\Program Files\MiKTeX 2.9\tex\latex\stmaryrd\ustmry.fd")
Package microtype Info: Loading generic settings for font family
(microtype)             `cmss' (encoding: OT1).
(microtype)             For optimal results, create family-specific settings.
(microtype)             See the microtype manual for details.
\c__siunitx_mathtt_int=\count267
Package microtype Info: Loading generic settings for font family
(microtype)             `cmtt' (encoding: OT1).
(microtype)             For optimal results, create family-specific settings.
(microtype)             See the microtype manual for details.

<images/logos/UNI_Bern.png, id=111, 258.2448pt x 199.4652pt>
File: images/logos/UNI_Bern.png Graphic file (type png)
 <use images/logos/UNI_Bern.png>
Package pdftex.def Info: images/logos/UNI_Bern.png used on input line 246.
(pdftex.def)             Requested size: 129.12207pt x 99.73235pt.
LaTeX Font Info:    Font shape `T1/ptm/bx/n' in size <12> not available
(Font)              Font shape `T1/ptm/b/n' tried instead on input line 252.
LaTeX Font Info:    Font shape `T1/ptm/bx/n' in size <24.88> not available
(Font)              Font shape `T1/ptm/b/n' tried instead on input line 252.
LaTeX Font Info:    Font shape `T1/ptm/bx/n' in size <17.28> not available
(Font)              Font shape `T1/ptm/b/n' tried instead on input line 253.
LaTeX Font Info:    Font shape `T1/ptm/bx/n' in size <20.74> not available
(Font)              Font shape `T1/ptm/b/n' tried instead on input line 256.
 [1



{C:/Users/Lina Tran/AppData/Local/MiKTeX/2.9/pdftex/config/pdftex.map} <./images/logos/UNI_Bern.png (PNG copy)>] [2])
LaTeX Font Info:    Try loading font information for T1+put on input line 8.

("C:\Program Files\MiKTeX 2.9\tex\latex\psnfss\t1put.fd"
File: t1put.fd 2001/06/04 font definitions for T1/put.
)
Package microtype Info: Loading generic settings for font family
(microtype)             `put' (encoding: T1).
(microtype)             For optimal results, create family-specific settings.
(microtype)             See the microtype manual for details.
Package xcolor Info: Setting color `{}{0.6 0.6 0.6 rg 0.6 0.6 0.6 RG}{rgb}{0.6,0.6,0.6}' on input line 8.
pdfTeX warning (ext4): destination with the same identifier (name{page.i}) has been already used, duplicate ignored
<to be read again> 
                   \relax 
l.17 \clearpage
                [1

]
Package xcolor Info: Setting color `{}{0.6 0.6 0.6 rg 0.6 0.6 0.6 RG}{rgb}{0.6,0.6,0.6}' on input line 22.
 (thesis.toc
Package xcolor Info: Setting color `{}{0 g 0 G}{gray}{0}' on input line 1.
Package xcolor Info: Setting color `{}{0 g 0 G}{gray}{0}' on input line 2.
Package xcolor Info: Setting color `{}{0 g 0 G}{gray}{0}' on input line 3.
Package xcolor Info: Setting color `{}{0 g 0 G}{gray}{0}' on input line 4.
Package xcolor Info: Setting color `{}{0 g 0 G}{gray}{0}' on input line 5.
Package xcolor Info: Setting color `{}{0 g 0 G}{gray}{0}' on input line 6.
Package xcolor Info: Setting color `{}{0 g 0 G}{gray}{0}' on input line 7.
Package xcolor Info: Setting color `{}{0 g 0 G}{gray}{0}' on input line 8.
Package xcolor Info: Setting color `{}{0 g 0 G}{gray}{0}' on input line 9.
Package xcolor Info: Setting color `{}{0 g 0 G}{gray}{0}' on input line 10.
Package xcolor Info: Setting color `{}{0 g 0 G}{gray}{0}' on input line 11.
Package xcolor Info: Setting color `{}{0 g 0 G}{gray}{0}' on input line 12.
Package xcolor Info: Setting color `{}{0 g 0 G}{gray}{0}' on input line 13.
Package xcolor Info: Setting color `{}{0 g 0 G}{gray}{0}' on input line 14.
Package xcolor Info: Setting color `{}{0 g 0 G}{gray}{0}' on input line 15.
Package xcolor Info: Setting color `{}{0 g 0 G}{gray}{0}' on input line 16.
Package xcolor Info: Setting color `{}{0 g 0 G}{gray}{0}' on input line 17.
Package xcolor Info: Setting color `{}{0 g 0 G}{gray}{0}' on input line 18.
Package xcolor Info: Setting color `{}{0 g 0 G}{gray}{0}' on input line 19.
Package xcolor Info: Setting color `{}{0 g 0 G}{gray}{0}' on input line 20.
Package xcolor Info: Setting color `{}{0 g 0 G}{gray}{0}' on input line 21.
Package xcolor Info: Setting color `{}{0 g 0 G}{gray}{0}' on input line 22.
Package xcolor Info: Setting color `{}{0 g 0 G}{gray}{0}' on input line 23.
Package xcolor Info: Setting color `{}{0 g 0 G}{gray}{0}' on input line 24.
Package xcolor Info: Setting color `{}{0 g 0 G}{gray}{0}' on input line 25.
Package xcolor Info: Setting color `{}{0 g 0 G}{gray}{0}' on input line 26.
Package xcolor Info: Setting color `{}{0 g 0 G}{gray}{0}' on input line 27.
pdfTeX warning (ext4): destination with the same identifier (name{page.ii}) has been already used, duplicate ignored
<to be read again> 
                   \relax 
l.27 ...issenschaftlichen Arbeiten}{32}{chapter.6}
                                                   [2


])
\tf@toc=\write4
\openout4 = `thesis.toc'.

 [3]
Chapter 1.
Package xcolor Info: Setting color `{}{0.6 0.6 0.6 rg 0.6 0.6 0.6 RG}{rgb}{0.6,0.6,0.6}' on input line 28.
[1


] [2]
Chapter 2.
Package xcolor Info: Setting color `{}{0.6 0.6 0.6 rg 0.6 0.6 0.6 RG}{rgb}{0.6,0.6,0.6}' on input line 40.

Overfull \hbox (4.45459pt too wide) in paragraph at lines 43--44
[]\T1/ptm/m/n/12 (-20) This chap-ter pro-vides a short overview of work-s/tech-nolo-gies used in this project. 
 []

Package xcolor Info: Setting color `{}{0 g 0 G}{gray}{0}' on input line 47.
Package xcolor Info: Setting color `{}{0 g 0 G}{gray}{0}' on input line 47.
LaTeX Font Info:    Try loading font information for T1+pcr on input line 47.
("C:\Program Files\MiKTeX 2.9\tex\latex\psnfss\t1pcr.fd"
File: t1pcr.fd 2001/06/04 font definitions for T1/pcr.
)
Package microtype Info: Loading generic settings for font family
(microtype)             `pcr' (encoding: T1).
(microtype)             For optimal results, create family-specific settings.
(microtype)             See the microtype manual for details.

<images/bytecodeModificationLevels.png, id=176, 468.24937pt x 182.93344pt>
File: images/bytecodeModificationLevels.png Graphic file (type png)
 <use images/bytecodeModificationLevels.png>
Package pdftex.def Info: images/bytecodeModificationLevels.png used on input line 51.
(pdftex.def)             Requested size: 334.60422pt x 130.72942pt.

[3

]
Package xcolor Info: Setting color `{}{0 g 0 G}{gray}{0}' on input line 56.
 <images/javassistExample.png, id=184, 963.6pt x 495.35063pt>
File: images/javassistExample.png Graphic file (type png)
 <use images/javassistExample.png>
Package pdftex.def Info: images/javassistExample.png used on input line 62.
(pdftex.def)             Requested size: 334.60422pt x 172.00723pt.
Package xcolor Info: Setting color `{}{0 g 0 G}{gray}{0}' on input line 67.
Package xcolor Info: Setting color `{}{0 g 0 G}{gray}{0}' on input line 67.
 [4 <./images/bytecodeModificationLevels.png> <./images/javassistExample.png>]
<images/javassistModules.png, id=193, 459.21562pt x 242.40562pt>
File: images/javassistModules.png Graphic file (type png)
 <use images/javassistModules.png>
Package pdftex.def Info: images/javassistModules.png used on input line 71.
(pdftex.def)             Requested size: 334.60422pt x 176.63652pt.
Package xcolor Info: Setting color `{}{0 g 0 G}{gray}{0}' on input line 76.

<images/insertionCodeExample.png, id=195, 863.47594pt x 237.13594pt>
File: images/insertionCodeExample.png Graphic file (type png)
 <use images/insertionCodeExample.png>
Package pdftex.def Info: images/insertionCodeExample.png used on input line 80.
(pdftex.def)             Requested size: 376.42575pt x 103.37762pt.
 [5 <./images/javassistModules.png>]
Package xcolor Info: Setting color `{}{0 g 0 G}{gray}{0}' on input line 86.
Package xcolor Info: Setting color `{}{0 g 0 G}{gray}{0}' on input line 86.
 <images/bytecodeSourcecode.png, id=206, 216.3282pt x 160.4394pt>
File: images/bytecodeSourcecode.png Graphic file (type png)

<use images/bytecodeSourcecode.png>
Package pdftex.def Info: images/bytecodeSourcecode.png used on input line 90.
(pdftex.def)             Requested size: 250.95476pt x 186.13187pt.
 [6 <./images/insertionCodeExample.png> <./images/bytecodeSourcecode.png>]
Chapter 3.
Package xcolor Info: Setting color `{}{0.6 0.6 0.6 rg 0.6 0.6 0.6 RG}{rgb}{0.6,0.6,0.6}' on input line 97.
Package xcolor Info: Setting color `{}{0 g 0 G}{gray}{0}' on input line 98.

LaTeX Warning: Reference `ch:conclusionsFutureWork' on page 7 undefined on input line 100.

Package xcolor Info: Setting color `{}{0 g 0 G}{gray}{0}' on input line 105.
[7

] <images/highLevelOverview.png, id=222, 582.67688pt x 351.56343pt>
File: images/highLevelOverview.png Graphic file (type png)
 <use images/highLevelOverview.png>
Package pdftex.def Info: images/highLevelOverview.png used on input line 117.
(pdftex.def)             Requested size: 209.12683pt x 126.17648pt.
 [8 <./images/highLevelOverview.png>]
LaTeX Font Info:    Font shape `T1/ptm/bx/n' in size <14.4> not available
(Font)              Font shape `T1/ptm/b/n' tried instead on input line 130.
Package xcolor Info: Setting color `{}{0 g 0 G}{gray}{0}' on input line 150.

Underfull \hbox (badness 10000) in paragraph at lines 134--151

 []


Overfull \hbox (12.79999pt too wide) in paragraph at lines 134--151
[] 
 []


Underfull \hbox (badness 10000) in paragraph at lines 134--151

 []


Underfull \hbox (badness 10000) in paragraph at lines 134--151

 []

Package xcolor Info: Setting color `{}{0 g 0 G}{gray}{0}' on input line 152.
Package xcolor Info: Setting color `{}{0 g 0 G}{gray}{0}' on input line 152.
[9]
Package xcolor Info: Setting color `{}{0 g 0 G}{gray}{0}' on input line 158.
Package xcolor Info: Setting color `{}{0 g 0 G}{gray}{0}' on input line 158.
Package xcolor Info: Setting color `{}{0 g 0 G}{gray}{0}' on input line 160.
 <images/localVarCreationBytecode.png, id=245, 1149.5447pt x 1063.72406pt>
File: images/localVarCreationBytecode.png Graphic file (type png)
 <use images/localVarCreationBytecode.png>
Package pdftex.def Info: images/localVarCreationBytecode.png used on input line 168.
(pdftex.def)             Requested size: 209.12683pt x 193.50719pt.
Package xcolor Info: Setting color `{}{0 g 0 G}{gray}{0}' on input line 169.
Package xcolor Info: Setting color `{}{0 g 0 G}{gray}{0}' on input line 169.
Package xcolor Info: Setting color `{}{0 g 0 G}{gray}{0}' on input line 169.

Underfull \hbox (badness 10000) in paragraph at lines 169--169
[][][][][]$\T1/pcr/m/n/10 http : / / blog . jamesdbloom . com / images _ 2013 _ 11 _ 17 _ 17 _ 56 / java _ local _
 []

[10]
Package xcolor Info: Setting color `{}{0 g 0 G}{gray}{0}' on input line 175.
 <images/localVarTable.png, id=257, 371.88937pt x 57.96657pt>
File: images/localVarTable.png Graphic file (type png)
 <use images/localVarTable.png>
Package pdftex.def Info: images/localVarTable.png used on input line 179.
(pdftex.def)             Requested size: 418.25368pt x 65.1954pt.
Package xcolor Info: Setting color `{}{0 g 0 G}{gray}{0}' on input line 184.
 [11 <./images/localVarCreationBytecode.png> <./images/localVarTable.png>]
<images/localVarTableDuplicatedSlot.png, id=267, 234.1247pt x 79.79813pt>
File: images/localVarTableDuplicatedSlot.png Graphic file (type png)
 <use images/localVarTableDuplicatedSlot.png>
Package pdftex.def Info: images/localVarTableDuplicatedSlot.png used on input line 188.
(pdftex.def)             Requested size: 292.77629pt x 99.80096pt.

<images/lineNrTable.png, id=268, 77.53969pt x 58.71938pt>
File: images/lineNrTable.png Graphic file (type png)
 <use images/lineNrTable.png>
Package pdftex.def Info: images/lineNrTable.png used on input line 199.
(pdftex.def)             Requested size: 125.47737pt x 95.02179pt.
 [12 <./images/localVarTableDuplicatedSlot.png> <./images/lineNrTable.png>]
Underfull \hbox (badness 10000) in paragraph at lines 208--222

 []


Overfull \hbox (42.79999pt too wide) in paragraph at lines 208--222
[] 
 []

LaTeX Font Info:    Try loading font information for TS1+ptm on input line 242.
("C:\Program Files\MiKTeX 2.9\tex\latex\psnfss\ts1ptm.fd"
File: ts1ptm.fd 2001/06/04 font definitions for TS1/ptm.
)
Underfull \hbox (badness 10000) in paragraph at lines 223--244

 []


Overfull \hbox (12.79999pt too wide) in paragraph at lines 223--244
[] 
 []


Underfull \hbox (badness 10000) in paragraph at lines 223--244

 []

[13]
Underfull \hbox (badness 10000) in paragraph at lines 245--262

 []


Overfull \hbox (42.79999pt too wide) in paragraph at lines 245--262
[] 
 []

[14] ("C:\Program Files\MiKTeX 2.9\tex\latex\listings\lstlang1.sty"
File: lstlang1.sty 2015/06/04 1.6 listings language file
)
Package xcolor Info: Setting color `{}{0.9 g 0.9 G}{gray}{0.9}' on input line 263.
Package xcolor Info: Setting color `{}{0.9 g 0.9 G}{gray}{0.9}' on input line 263.
Package xcolor Info: Setting color `{}{0.9 g 0.9 G}{gray}{0.9}' on input line 263.
Package xcolor Info: Setting color `{}{0.9 g 0.9 G}{gray}{0.9}' on input line 263.
Package xcolor Info: Setting color `{}{0.9 g 0.9 G}{gray}{0.9}' on input line 263.
Package xcolor Info: Setting color `{}{0.9 g 0.9 G}{gray}{0.9}' on input line 263.
Package xcolor Info: Setting color `{}{0.9 g 0.9 G}{gray}{0.9}' on input line 263.
 (code/Fields.java
LaTeX Font Info:    Font shape `T1/pcr/bx/n' in size <10> not available
(Font)              Font shape `T1/pcr/b/n' tried instead on input line 1.
LaTeX Font Info:    Font shape `T1/pcr/m/it' in size <10> not available
(Font)              Font shape `T1/pcr/m/sl' tried instead on input line 8.
)
Package xcolor Info: Setting color `{}{0.9 g 0.9 G}{gray}{0.9}' on input line 263.
Package xcolor Info: Setting color `{}{0.9 g 0.9 G}{gray}{0.9}' on input line 263.
Package xcolor Info: Setting color `{}{0 g 0 G}{gray}{0}' on input line 265.
 [15]
Overfull \hbox (118.71367pt too wide) in paragraph at lines 271--272
[]\T1/ptm/m/n/12 (-20) The added byte-code rep-re-sents a static method of a class named \T1/ptm/m/it/12 (-20) ch.scg.nu
llSpy.runtimeSupporter.VariableTester
 []

Package xcolor Info: Setting color `{}{0 g 0 G}{gray}{0}' on input line 273.
Package xcolor Info: Setting color `{}{0 g 0 G}{gray}{0}' on input line 275.
Package xcolor Info: Setting color `{}{0 g 0 G}{gray}{0}' on input line 284.
<images/multipleLine/pic4-1.png, id=339, 587.94656pt x 35.38219pt>
File: images/multipleLine/pic4-1.png Graphic file (type png)
 <use images/multipleLine/pic4-1.png>
Package pdftex.def Info: images/multipleLine/pic4-1.png used on input line 288.
(pdftex.def)             Requested size: 418.25368pt x 25.1701pt.

<images/multipleLine/pic4-2.png, id=340, 497.60907pt x 80.55093pt>
File: images/multipleLine/pic4-2.png Graphic file (type png)
 <use images/multipleLine/pic4-2.png>
Package pdftex.def Info: images/multipleLine/pic4-2.png used on input line 295.
(pdftex.def)             Requested size: 418.25368pt x 67.70656pt.
Package xcolor Info: Setting color `{}{0 g 0 G}{gray}{0}' on input line 296.
Package xcolor Info: Setting color `{}{0 g 0 G}{gray}{0}' on input line 296.
 [16 <./images/multipleLine/pic4-1.png>] <images/multipleLine/pic4-3.png, id=349, 70.76437pt x 54.2025pt>
File: images/multipleLine/pic4-3.png Graphic file (type png)

<use images/multipleLine/pic4-3.png>
Package pdftex.def Info: images/multipleLine/pic4-3.png used on input line 302.
(pdftex.def)             Requested size: 125.47737pt x 96.1187pt.
Package xcolor Info: Setting color `{}{0 g 0 G}{gray}{0}' on input line 303.
Package xcolor Info: Setting color `{}{0 g 0 G}{gray}{0}' on input line 303.
Package xcolor Info: Setting color `{}{0 g 0 G}{gray}{0}' on input line 307.
Package xcolor Info: Setting color `{}{0 g 0 G}{gray}{0}' on input line 307.

Overfull \hbox (60.42068pt too wide) in paragraph at lines 321--322
[][] 
 []

Package xcolor Info: Setting color `{}{0 g 0 G}{gray}{0}' on input line 323.
[17 <./images/multipleLine/pic4-2.png> <./images/multipleLine/pic4-3.png>]
<images/multipleLine/pic3-1.png, id=369, 678.28406pt x 37.64063pt>
File: images/multipleLine/pic3-1.png Graphic file (type png)
 <use images/multipleLine/pic3-1.png>
Package pdftex.def Info: images/multipleLine/pic3-1.png used on input line 327.
(pdftex.def)             Requested size: 418.25368pt x 23.20999pt.

<images/multipleLine/pic3-2.png, id=370, 570.63188pt x 57.21375pt>
File: images/multipleLine/pic3-2.png Graphic file (type png)
 <use images/multipleLine/pic3-2.png>
Package pdftex.def Info: images/multipleLine/pic3-2.png used on input line 334.
(pdftex.def)             Requested size: 418.25368pt x 41.93591pt.
Package xcolor Info: Setting color `{}{0 g 0 G}{gray}{0}' on input line 335.
Package xcolor Info: Setting color `{}{0 g 0 G}{gray}{0}' on input line 335.

<images/multipleLine/pic3-3.png, id=373, 75.28125pt x 80.55093pt>
File: images/multipleLine/pic3-3.png Graphic file (type png)
 <use images/multipleLine/pic3-3.png>
Package pdftex.def Info: images/multipleLine/pic3-3.png used on input line 341.
(pdftex.def)             Requested size: 125.47737pt x 134.27376pt.
Package xcolor Info: Setting color `{}{0 g 0 G}{gray}{0}' on input line 342.
Package xcolor Info: Setting color `{}{0 g 0 G}{gray}{0}' on input line 342.

<images/multipleLine/pic2-1.png, id=376, 478.03593pt x 161.85469pt>
File: images/multipleLine/pic2-1.png Graphic file (type png)
 <use images/multipleLine/pic2-1.png>
Package pdftex.def Info: images/multipleLine/pic2-1.png used on input line 350.
(pdftex.def)             Requested size: 418.25368pt x 141.61261pt.
 [18 <./images/multipleLine/pic3-1.png> <./images/multipleLine/pic3-2.png> <./images/multipleLine/pic3-3.png>]
<images/multipleLine/pic2-2.png, id=387, 790.45313pt x 204.765pt>
File: images/multipleLine/pic2-2.png Graphic file (type png)
 <use images/multipleLine/pic2-2.png>
Package pdftex.def Info: images/multipleLine/pic2-2.png used on input line 357.
(pdftex.def)             Requested size: 418.25368pt x 108.34682pt.
Package xcolor Info: Setting color `{}{0 g 0 G}{gray}{0}' on input line 358.
Package xcolor Info: Setting color `{}{0 g 0 G}{gray}{0}' on input line 358.

<images/multipleLine/pic2-3.png, id=390, 78.2925pt x 137.01187pt>
File: images/multipleLine/pic2-3.png Graphic file (type png)
 <use images/multipleLine/pic2-3.png>
Package pdftex.def Info: images/multipleLine/pic2-3.png used on input line 364.
(pdftex.def)             Requested size: 125.47737pt x 219.5935pt.
Package xcolor Info: Setting color `{}{0 g 0 G}{gray}{0}' on input line 365.
Package xcolor Info: Setting color `{}{0 g 0 G}{gray}{0}' on input line 365.
 [19 <./images/multipleLine/pic2-1.png> <./images/multipleLine/pic2-2.png> <./images/multipleLine/pic2-3.png>]
<images/multipleLine/pic5-1.png, id=403, 532.99126pt x 91.09032pt>
File: images/multipleLine/pic5-1.png Graphic file (type png)
 <use images/multipleLine/pic5-1.png>
Package pdftex.def Info: images/multipleLine/pic5-1.png used on input line 373.
(pdftex.def)             Requested size: 418.25368pt x 71.4838pt.

<images/multipleLine/pic5-2.png, id=404, 607.51968pt x 103.13531pt>
File: images/multipleLine/pic5-2.png Graphic file (type png)
 <use images/multipleLine/pic5-2.png>
Package pdftex.def Info: images/multipleLine/pic5-2.png used on input line 380.
(pdftex.def)             Requested size: 418.25368pt x 71.00606pt.
Package xcolor Info: Setting color `{}{0 g 0 G}{gray}{0}' on input line 381.
Package xcolor Info: Setting color `{}{0 g 0 G}{gray}{0}' on input line 381.

<images/multipleLine/pic5-3.png, id=407, 70.01157pt x 113.67468pt>
File: images/multipleLine/pic5-3.png Graphic file (type png)
 <use images/multipleLine/pic5-3.png>
Package pdftex.def Info: images/multipleLine/pic5-3.png used on input line 387.
(pdftex.def)             Requested size: 125.47737pt x 203.74178pt.
Package xcolor Info: Setting color `{}{0 g 0 G}{gray}{0}' on input line 388.
Package xcolor Info: Setting color `{}{0 g 0 G}{gray}{0}' on input line 388.
 [20 <./images/multipleLine/pic5-1.png> <./images/multipleLine/pic5-2.png> <./images/multipleLine/pic5-3.png>]
Package xcolor Info: Setting color `{}{0.9 g 0.9 G}{gray}{0.9}' on input line 394.
Package xcolor Info: Setting color `{}{0.9 g 0.9 G}{gray}{0.9}' on input line 394.
Package xcolor Info: Setting color `{}{0.9 g 0.9 G}{gray}{0.9}' on input line 394.
Package xcolor Info: Setting color `{}{0.9 g 0.9 G}{gray}{0.9}' on input line 394.
Package xcolor Info: Setting color `{}{0.9 g 0.9 G}{gray}{0.9}' on input line 394.
Package xcolor Info: Setting color `{}{0.9 g 0.9 G}{gray}{0.9}' on input line 394.
Package xcolor Info: Setting color `{}{0.9 g 0.9 G}{gray}{0.9}' on input line 394.

(code/MultipleLinePseudoCode.java
Overfull \hbox (91.74632pt too wide) in paragraph at lines 9--10
[][][][][][][][][][][][][][][][][][][][][][][][][][][][][][][][][][][][][][][][][] 
 []

)
Package xcolor Info: Setting color `{}{0.9 g 0.9 G}{gray}{0.9}' on input line 394.
Package xcolor Info: Setting color `{}{0.9 g 0.9 G}{gray}{0.9}' on input line 394.

Overfull \hbox (74.07211pt too wide) in paragraph at lines 396--397
\T1/ptm/m/n/12 (-20) ta-tion of the class \T1/ptm/m/it/12 (-20) ch.unibe.scg.nullSpy.instrumentator.controller.methodInv
ocation.MultipleLineManager
 []


Overfull \hbox (65.15204pt too wide) in paragraph at lines 396--397
\T1/ptm/m/n/12 (-20) and \T1/ptm/m/it/12 (-20) ch.unibe.scg.nullSpy.instrumentator.controller.methodInvocation.MethodInv
ocationAnalyzer\T1/ptm/m/n/12 (-20) . 
 []

Package xcolor Info: Setting color `{}{0 g 0 G}{gray}{0}' on input line 400.
Package xcolor Info: Setting color `{}{0 g 0 G}{gray}{0}' on input line 402.
[21]
Package xcolor Info: Setting color `{}{0 g 0 G}{gray}{0}' on input line 408.
Package xcolor Info: Setting color `{}{0 g 0 G}{gray}{0}' on input line 410.
 <images/bytecodeAdaptionExample_1.png, id=446, 274.77657pt x 118.19156pt>
File: images/bytecodeAdaptionExample_1.png Graphic file (type png)

<use images/bytecodeAdaptionExample_1.png>
Package pdftex.def Info: images/bytecodeAdaptionExample_1.png used on input line 414.
(pdftex.def)             Requested size: 292.77629pt x 125.94432pt.
 <images/bytecodeAdaptionExample_2.png, id=447, 1004.25188pt x 134.00063pt>
File: images/bytecodeAdaptionExample_2.png Graphic file (type png)

<use images/bytecodeAdaptionExample_2.png>
Package pdftex.def Info: images/bytecodeAdaptionExample_2.png used on input line 421.
(pdftex.def)             Requested size: 292.77629pt x 39.06569pt.
Package xcolor Info: Setting color `{}{0 g 0 G}{gray}{0}' on input line 422.
Package xcolor Info: Setting color `{}{0 g 0 G}{gray}{0}' on input line 422.
 [22 <./images/bytecodeAdaptionExample_1.png>]
Package xcolor Info: Setting color `{}{0 g 0 G}{gray}{0}' on input line 436.
Package xcolor Info: Setting color `{}{0 g 0 G}{gray}{0}' on input line 438.
Package xcolor Info: Setting color `{}{0 g 0 G}{gray}{0}' on input line 440.
 [23 <./images/bytecodeAdaptionExample_2.png>] [24]
Chapter 4.
Package xcolor Info: Setting color `{}{0.6 0.6 0.6 rg 0.6 0.6 0.6 RG}{rgb}{0.6,0.6,0.6}' on input line 442.
Package xcolor Info: Setting color `{}{0 g 0 G}{gray}{0}' on input line 448.
Package xcolor Info: Setting color `{}{0 g 0 G}{gray}{0}' on input line 448.
[25

] [26] [27] [28]
Chapter 5.
Package xcolor Info: Setting color `{}{0.6 0.6 0.6 rg 0.6 0.6 0.6 RG}{rgb}{0.6,0.6,0.6}' on input line 508.
Package xcolor Info: Setting color `{}{0 g 0 G}{gray}{0}' on input line 517.
[29

]
Package xcolor Info: Setting color `{}{0 g 0 G}{gray}{0}' on input line 531.
 [30] [31]
Chapter 6.
Package xcolor Info: Setting color `{}{0.6 0.6 0.6 rg 0.6 0.6 0.6 RG}{rgb}{0.6,0.6,0.6}' on input line 543.
(thesis.bbl [32

]
Package xcolor Info: Setting color `{}{0.6 0.6 0.6 rg 0.6 0.6 0.6 RG}{rgb}{0.6,0.6,0.6}' on input line 1.


Package natbib Warning: Empty `thebibliography' environment on input line 3.

) [33

] [34

]
Package atveryend Info: Empty hook `BeforeClearDocument' on input line 564.
Package atveryend Info: Empty hook `AfterLastShipout' on input line 564.
 (thesis.aux)
Package atveryend Info: Executing hook `AtVeryEndDocument' on input line 564.
Package atveryend Info: Executing hook `AtEndAfterFileList' on input line 564.
Package rerunfilecheck Info: File `thesis.out' has not changed.
(rerunfilecheck)             Checksum: CD5326F464FC1C163D2281C11ED9F8B7;2071.


LaTeX Warning: There were undefined references.

Package atveryend Info: Empty hook `AtVeryVeryEnd' on input line 564.
 ) 
Here is how much of TeX's memory you used:
 23195 strings out of 493634
 423142 string characters out of 3143730
 533252 words of memory out of 3000000
 25833 multiletter control sequences out of 15000+200000
 76585 words of font info for 221 fonts, out of 3000000 for 9000
 1025 hyphenation exceptions out of 8191
 38i,13n,43p,10398b,1102s stack positions out of 5000i,500n,10000p,200000b,50000s
pdfTeX warning (dest): name{Hfootnote.7} has been referenced but does not exist, replaced by a fixed one

{C:/Program Files/MiKTeX 2.9/fonts/enc/dvips/fontname/8r.enc}<C:/Program Files/MiKTeX 2.9/fonts/type1/public/amsfonts/cm
/cmmi12.pfb><C:/Program Files/MiKTeX 2.9/fonts/type1/public/amsfonts/cm/cmr12.pfb><C:/Program Files/MiKTeX 2.9/fonts/typ
e1/adobe/utopia/putb8a.pfb><C:/Program Files/MiKTeX 2.9/fonts/type1/urw/courier/ucrb8a.pfb><C:/Program Files/MiKTeX 2.9/
fonts/type1/urw/courier/ucrr8a.pfb><C:/Program Files/MiKTeX 2.9/fonts/type1/urw/courier/ucrro8a.pfb><C:/Program Files/Mi
KTeX 2.9/fonts/type1/urw/times/utmb8a.pfb><C:/Program Files/MiKTeX 2.9/fonts/type1/urw/times/utmr8a.pfb><C:/Program File
s/MiKTeX 2.9/fonts/type1/urw/times/utmr8a.pfb><C:/Program Files/MiKTeX 2.9/fonts/type1/urw/times/utmri8a.pfb>
Output written on thesis.pdf (39 pages, 909986 bytes).
PDF statistics:
 598 PDF objects out of 1000 (max. 8388607)
 179 named destinations out of 1000 (max. 500000)
 36182 words of extra memory for PDF output out of 42996 (max. 10000000)

